# JRE version: OpenJDK Runtime Environment AdoptOpenJDK (11.0.10+9) (build 11.0.10+9)
# Java VM: OpenJDK 64-Bit Server VM AdoptOpenJDK (11.0.10+9, mixed mode, tiered, compressed oops, g1 gc, bsd-amd64)
Heap:
 garbage-first heap   total 262144K, used 87538K [0x0000000700000000, 0x0000000800000000)
  region size 1024K, 80 young (81920K), 10 survivors (10240K)
 Metaspace       used 29865K, capacity 31040K, committed 31232K, reserved 1077248K
  class space    used 3789K, capacity 4272K, committed 4352K, reserved 1048576K
GC Heap History (10 events):
Event: 1.033 GC heap before
{Heap before GC invocations=0 (full 0):
 garbage-first heap   total 262144K, used 23552K [0x0000000700000000, 0x0000000800000000)
  region size 1024K, 24 young (24576K), 0 survivors (0K)
 Metaspace       used 12351K, capacity 12748K, committed 13056K, reserved 1060864K
  class space    used 1336K, capacity 1491K, committed 1536K, reserved 1048576K
}
Event: 1.038 GC heap after
{Heap after GC invocations=1 (full 0):
 garbage-first heap   total 262144K, used 2820K [0x0000000700000000, 0x0000000800000000)
  region size 1024K, 3 young (3072K), 3 survivors (3072K)
 Metaspace       used 12351K, capacity 12748K, committed 13056K, reserved 1060864K
  class space    used 1336K, capacity 1491K, committed 1536K, reserved 1048576K
}
Event: 1.572 GC heap before
{Heap before GC invocations=1 (full 0):
 garbage-first heap   total 262144K, used 25348K [0x0000000700000000, 0x0000000800000000)
  region size 1024K, 26 young (26624K), 3 survivors (3072K)
 Metaspace       used 20544K, capacity 21140K, committed 21296K, reserved 1069056K
  class space    used 2444K, capacity 2662K, committed 2688K, reserved 1048576K
}
Event: 1.584 GC heap after
{Heap after GC invocations=2 (full 0):
 garbage-first heap   total 262144K, used 7223K [0x0000000700000000, 0x0000000800000000)
  region size 1024K, 8 young (8192K), 8 survivors (8192K)
 Metaspace       used 20544K, capacity 21140K, committed 21296K, reserved 1069056K
  class space    used 2444K, capacity 2662K, committed 2688K, reserved 1048576K
}
Event: 13.158 GC heap before
{Heap before GC invocations=3 (full 0):
 garbage-first heap   total 262144K, used 77879K [0x0000000700000000, 0x0000000800000000)
  region size 1024K, 73 young (74752K), 8 survivors (8192K)
 Metaspace       used 29142K, capacity 30311K, committed 30464K, reserved 1075200K
  class space    used 3784K, capacity 4269K, committed 4352K, reserved 1048576K
}
Event: 13.172 GC heap after
{Heap after GC invocations=4 (full 0):
 garbage-first heap   total 262144K, used 16336K [0x0000000700000000, 0x0000000800000000)
  region size 1024K, 9 young (9216K), 9 survivors (9216K)
 Metaspace       used 29142K, capacity 30311K, committed 30464K, reserved 1075200K
  class space    used 3784K, capacity 4269K, committed 4352K, reserved 1048576K
}
Event: 24.370 GC heap before
{Heap before GC invocations=4 (full 0):
 garbage-first heap   total 262144K, used 163792K [0x0000000700000000, 0x0000000800000000)
  region size 1024K, 153 young (156672K), 9 survivors (9216K)
 Metaspace       used 29526K, capacity 30698K, committed 30976K, reserved 1075200K
  class space    used 3784K, capacity 4269K, committed 4352K, reserved 1048576K
}
Event: 24.379 GC heap after
{Heap after GC invocations=5 (full 0):
 garbage-first heap   total 262144K, used 16404K [0x0000000700000000, 0x0000000800000000)
  region size 1024K, 10 young (10240K), 10 survivors (10240K)
 Metaspace       used 29526K, capacity 30698K, committed 30976K, reserved 1075200K
  class space    used 3784K, capacity 4269K, committed 4352K, reserved 1048576K
}
Event: 48.242 GC heap before
{Heap before GC invocations=5 (full 0):
 garbage-first heap   total 262144K, used 162836K [0x0000000700000000, 0x0000000800000000)
  region size 1024K, 153 young (156672K), 10 survivors (10240K)
 Metaspace       used 29718K, capacity 30904K, committed 31232K, reserved 1077248K
  class space    used 3785K, capacity 4270K, committed 4352K, reserved 1048576K
}
Event: 48.251 GC heap after
{Heap after GC invocations=6 (full 0):
 garbage-first heap   total 262144K, used 16882K [0x0000000700000000, 0x0000000800000000)
  region size 1024K, 10 young (10240K), 10 survivors (10240K)
 Metaspace       used 29718K, capacity 30904K, committed 31232K, reserved 1077248K
  class space    used 3785K, capacity 4270K, committed 4352K, reserved 1048576K
}

